22-07-2022 14:38:12.235 [main] INFO  c.l.LearncamelSpringBootApplication.logStarting - Starting LearncamelSpringBootApplication on ACLBLRFC818 with PID 23244 (D:\camel\springboot-camel-main\learncamel-spring-boot-restlet-lab2\target\classes started by sawan.k in D:\camel\springboot-camel-main\learncamel-spring-boot-restlet-lab2)
22-07-2022 14:38:12.238 [main] INFO  c.l.LearncamelSpringBootApplication.logStartupProfileInfo - The following profiles are active: dev
22-07-2022 14:38:12.293 [main] INFO  o.s.b.c.e.AnnotationConfigEmbeddedWebApplicationContext.prepareRefresh - Refreshing org.springframework.boot.context.embedded.AnnotationConfigEmbeddedWebApplicationContext@3af9c5b7: startup date [Fri Jul 22 14:38:12 IST 2022]; root of context hierarchy
22-07-2022 14:38:12.419 [background-preinit] INFO  o.h.validator.internal.util.Version.<clinit> - HV000001: Hibernate Validator 5.3.6.Final
22-07-2022 14:38:13.571 [main] INFO  o.s.c.s.PostProcessorRegistrationDelegate$BeanPostProcessorChecker.postProcessAfterInitialization - Bean 'org.springframework.transaction.annotation.ProxyTransactionManagementConfiguration' of type [org.springframework.transaction.annotation.ProxyTransactionManagementConfiguration$$EnhancerBySpringCGLIB$$a84f5b39] is not eligible for getting processed by all BeanPostProcessors (for example: not eligible for auto-proxying)
22-07-2022 14:38:13.601 [main] INFO  o.s.c.s.PostProcessorRegistrationDelegate$BeanPostProcessorChecker.postProcessAfterInitialization - Bean 'org.apache.camel.spring.boot.CamelAutoConfiguration' of type [org.apache.camel.spring.boot.CamelAutoConfiguration$$EnhancerBySpringCGLIB$$ca792158] is not eligible for getting processed by all BeanPostProcessors (for example: not eligible for auto-proxying)
22-07-2022 14:38:13.925 [main] INFO  o.s.b.c.e.t.TomcatEmbeddedServletContainer.initialize - Tomcat initialized with port(s): 8080 (http)
22-07-2022 14:38:13.937 [main] INFO  o.a.catalina.core.StandardService.log - Starting service [Tomcat]
22-07-2022 14:38:13.938 [main] INFO  o.a.catalina.core.StandardEngine.log - Starting Servlet Engine: Apache Tomcat/8.5.23
22-07-2022 14:38:14.057 [localhost-startStop-1] INFO  o.a.c.c.C.[Tomcat].[localhost].[/].log - Initializing Spring embedded WebApplicationContext
22-07-2022 14:38:14.058 [localhost-startStop-1] INFO  o.s.web.context.ContextLoader.prepareEmbeddedWebApplicationContext - Root WebApplicationContext: initialization completed in 1765 ms
22-07-2022 14:38:14.248 [localhost-startStop-1] INFO  o.s.b.w.s.ServletRegistrationBean.onStartup - Mapping servlet: 'dispatcherServlet' to [/]
22-07-2022 14:38:14.249 [localhost-startStop-1] INFO  o.s.b.w.s.ServletRegistrationBean.onStartup - Mapping servlet: 'webServlet' to [/h2-console/*]
22-07-2022 14:38:14.251 [localhost-startStop-1] INFO  o.s.b.w.s.FilterRegistrationBean.configure - Mapping filter: 'characterEncodingFilter' to: [/*]
22-07-2022 14:38:14.252 [localhost-startStop-1] INFO  o.s.b.w.s.FilterRegistrationBean.configure - Mapping filter: 'hiddenHttpMethodFilter' to: [/*]
22-07-2022 14:38:14.252 [localhost-startStop-1] INFO  o.s.b.w.s.FilterRegistrationBean.configure - Mapping filter: 'httpPutFormContentFilter' to: [/*]
22-07-2022 14:38:14.252 [localhost-startStop-1] INFO  o.s.b.w.s.FilterRegistrationBean.configure - Mapping filter: 'requestContextFilter' to: [/*]
22-07-2022 14:38:14.638 [main] INFO  o.s.o.j.LocalContainerEntityManagerFactoryBean.createNativeEntityManagerFactory - Building JPA container EntityManagerFactory for persistence unit 'default'
22-07-2022 14:38:14.650 [main] INFO  o.h.jpa.internal.util.LogHelper.logPersistenceUnitInformation - HHH000204: Processing PersistenceUnitInfo [
	name: default
	...]
22-07-2022 14:38:14.716 [main] INFO  org.hibernate.Version.logVersion - HHH000412: Hibernate Core {5.0.12.Final}
22-07-2022 14:38:14.717 [main] INFO  org.hibernate.cfg.Environment.<clinit> - HHH000206: hibernate.properties not found
22-07-2022 14:38:14.719 [main] INFO  org.hibernate.cfg.Environment.buildBytecodeProvider - HHH000021: Bytecode provider name : javassist
22-07-2022 14:38:14.760 [main] INFO  o.h.annotations.common.Version.<clinit> - HCANN000001: Hibernate Commons Annotations {5.0.1.Final}
22-07-2022 14:38:14.880 [main] INFO  org.hibernate.dialect.Dialect.<init> - HHH000400: Using dialect: org.hibernate.dialect.H2Dialect
22-07-2022 14:38:15.477 [main] INFO  o.h.tool.hbm2ddl.SchemaUpdate.execute - HHH000228: Running hbm2ddl schema update
22-07-2022 14:38:15.489 [main] INFO  o.h.t.s.e.i.InformationExtractorJdbcDatabaseMetaDataImpl.processGetTableResults - HHH000262: Table not found: item
22-07-2022 14:38:15.511 [main] INFO  o.h.h.i.QueryTranslatorFactoryInitiator.initiateService - HHH000397: Using ASTQueryTranslatorFactory
22-07-2022 14:38:15.608 [main] INFO  o.s.o.j.LocalContainerEntityManagerFactoryBean.buildNativeEntityManagerFactory - Initialized JPA EntityManagerFactory for persistence unit 'default'
22-07-2022 14:38:15.937 [main] INFO  o.s.w.s.m.m.a.RequestMappingHandlerAdapter.initControllerAdviceCache - Looking for @ControllerAdvice: org.springframework.boot.context.embedded.AnnotationConfigEmbeddedWebApplicationContext@3af9c5b7: startup date [Fri Jul 22 14:38:12 IST 2022]; root of context hierarchy
22-07-2022 14:38:15.973 [main] INFO  o.s.jdbc.datasource.init.ScriptUtils.executeSqlScript - Executing SQL script from URL [file:/D:/camel/springboot-camel-main/learncamel-spring-boot-restlet-lab2/target/classes/data.sql]
22-07-2022 14:38:15.977 [main] INFO  o.s.jdbc.datasource.init.ScriptUtils.executeSqlScript - Executed SQL script from URL [file:/D:/camel/springboot-camel-main/learncamel-spring-boot-restlet-lab2/target/classes/data.sql] in 4 ms.
22-07-2022 14:38:15.998 [main] INFO  o.s.w.s.m.m.a.RequestMappingHandlerMapping.register - Mapped "{[/swagger-ui]}" onto public java.lang.String com.learncamel.config.SwaggerConfig$SwaggerWelcome.redirectToUi()
22-07-2022 14:38:16.003 [main] INFO  o.s.w.s.m.m.a.RequestMappingHandlerMapping.register - Mapped "{[/error]}" onto public org.springframework.http.ResponseEntity<java.util.Map<java.lang.String, java.lang.Object>> org.springframework.boot.autoconfigure.web.BasicErrorController.error(javax.servlet.http.HttpServletRequest)
22-07-2022 14:38:16.003 [main] INFO  o.s.w.s.m.m.a.RequestMappingHandlerMapping.register - Mapped "{[/error],produces=[text/html]}" onto public org.springframework.web.servlet.ModelAndView org.springframework.boot.autoconfigure.web.BasicErrorController.errorHtml(javax.servlet.http.HttpServletRequest,javax.servlet.http.HttpServletResponse)
22-07-2022 14:38:16.038 [main] INFO  o.s.w.s.h.SimpleUrlHandlerMapping.registerHandler - Mapped URL path [/webjars/**] onto handler of type [class org.springframework.web.servlet.resource.ResourceHttpRequestHandler]
22-07-2022 14:38:16.038 [main] INFO  o.s.w.s.h.SimpleUrlHandlerMapping.registerHandler - Mapped URL path [/**] onto handler of type [class org.springframework.web.servlet.resource.ResourceHttpRequestHandler]
22-07-2022 14:38:16.073 [main] INFO  o.s.w.s.h.SimpleUrlHandlerMapping.registerHandler - Mapped URL path [/**/favicon.ico] onto handler of type [class org.springframework.web.servlet.resource.ResourceHttpRequestHandler]
22-07-2022 14:38:16.283 [main] WARN  o.a.c.i.DefaultCamelBeanPostProcessor.postProcessBeforeInitialization - No CamelContext defined yet so cannot inject into bean: routesHealthCheckRepository
22-07-2022 14:38:16.360 [main] INFO  o.a.c.i.c.DefaultTypeConverter.doStart - Type converters loaded (core: 192, classpath: 1)
22-07-2022 14:38:17.130 [main] INFO  o.s.j.e.a.AnnotationMBeanExporter.afterSingletonsInstantiated - Registering beans for JMX exposure on startup
22-07-2022 14:38:17.141 [main] INFO  c.l.route.ItemRestServiceRoute.configure - Starting the Camel Route
22-07-2022 14:38:17.179 [main] INFO  o.a.c.spring.boot.RoutesCollector.loadXmlRoutes - Loading additional Camel XML routes from: classpath:camel/*.xml
22-07-2022 14:38:17.179 [main] INFO  o.a.c.spring.boot.RoutesCollector.loadXmlRests - Loading additional Camel XML rests from: classpath:camel-rest/*.xml
22-07-2022 14:38:17.190 [main] INFO  o.a.camel.spring.SpringCamelContext.start - Apache Camel 2.20.1 (CamelContext: itemapps) is starting
22-07-2022 14:38:17.191 [main] INFO  o.a.c.m.ManagedManagementStrategy.doStart - JMX is enabled
22-07-2022 14:38:17.286 [main] INFO  o.a.camel.spring.SpringCamelContext.doStop - Apache Camel 2.20.1 (CamelContext: itemapps) is shutting down
22-07-2022 14:38:17.309 [main] INFO  o.a.camel.spring.SpringCamelContext.doStop - Apache Camel 2.20.1 (CamelContext: itemapps) uptime 0.120 seconds
22-07-2022 14:38:17.310 [main] INFO  o.a.camel.spring.SpringCamelContext.doStop - Apache Camel 2.20.1 (CamelContext: itemapps) is shutdown in 0.024 seconds
22-07-2022 14:38:17.312 [main] INFO  o.a.catalina.core.StandardService.log - Stopping service [Tomcat]
22-07-2022 14:38:17.320 [main] INFO  o.s.b.a.l.AutoConfigurationReportLoggingInitializer.logAutoConfigurationReport - 

Error starting ApplicationContext. To display the auto-configuration report re-run your application with 'debug' enabled.
22-07-2022 14:38:17.328 [main] ERROR o.s.boot.SpringApplication.reportFailure - Application startup failed
org.apache.camel.RuntimeCamelException: org.apache.camel.FailedToCreateRouteException: Failed to create route itemPostRoute: Route(itemPostRoute)[[From[restlet:http://localhost:8083/ite... because of Failed to resolve endpoint: restlet://http://localhost:8083/item?restletMethods=POST due to: No component found with scheme: restlet
	at org.apache.camel.util.ObjectHelper.wrapRuntimeCamelException(ObjectHelper.java:1831)
	at org.apache.camel.spring.SpringCamelContext.start(SpringCamelContext.java:136)
	at org.apache.camel.spring.SpringCamelContext.onApplicationEvent(SpringCamelContext.java:174)
	at org.springframework.context.event.SimpleApplicationEventMulticaster.doInvokeListener(SimpleApplicationEventMulticaster.java:172)
	at org.springframework.context.event.SimpleApplicationEventMulticaster.invokeListener(SimpleApplicationEventMulticaster.java:165)
	at org.springframework.context.event.SimpleApplicationEventMulticaster.multicastEvent(SimpleApplicationEventMulticaster.java:139)
	at org.springframework.context.support.AbstractApplicationContext.publishEvent(AbstractApplicationContext.java:393)
	at org.springframework.context.support.AbstractApplicationContext.publishEvent(AbstractApplicationContext.java:347)
	at org.springframework.context.support.AbstractApplicationContext.finishRefresh(AbstractApplicationContext.java:883)
	at org.springframework.boot.context.embedded.EmbeddedWebApplicationContext.finishRefresh(EmbeddedWebApplicationContext.java:144)
	at org.springframework.context.support.AbstractApplicationContext.refresh(AbstractApplicationContext.java:546)
	at org.springframework.boot.context.embedded.EmbeddedWebApplicationContext.refresh(EmbeddedWebApplicationContext.java:122)
	at org.springframework.boot.SpringApplication.refresh(SpringApplication.java:693)
	at org.springframework.boot.SpringApplication.refreshContext(SpringApplication.java:360)
	at org.springframework.boot.SpringApplication.run(SpringApplication.java:303)
	at org.springframework.boot.SpringApplication.run(SpringApplication.java:1118)
	at org.springframework.boot.SpringApplication.run(SpringApplication.java:1107)
	at com.learncamel.LearncamelSpringBootApplication.main(LearncamelSpringBootApplication.java:10)
Caused by: org.apache.camel.FailedToCreateRouteException: Failed to create route itemPostRoute: Route(itemPostRoute)[[From[restlet:http://localhost:8083/ite... because of Failed to resolve endpoint: restlet://http://localhost:8083/item?restletMethods=POST due to: No component found with scheme: restlet
	at org.apache.camel.model.RouteDefinition.addRoutes(RouteDefinition.java:209)
	at org.apache.camel.impl.DefaultCamelContext.startRoute(DefaultCamelContext.java:1148)
	at org.apache.camel.impl.DefaultCamelContext.startRouteDefinitions(DefaultCamelContext.java:3727)
	at org.apache.camel.impl.DefaultCamelContext.doStartCamel(DefaultCamelContext.java:3441)
	at org.apache.camel.impl.DefaultCamelContext.access$000(DefaultCamelContext.java:208)
	at org.apache.camel.impl.DefaultCamelContext$2.call(DefaultCamelContext.java:3249)
	at org.apache.camel.impl.DefaultCamelContext$2.call(DefaultCamelContext.java:3245)
	at org.apache.camel.impl.DefaultCamelContext.doWithDefinedClassLoader(DefaultCamelContext.java:3268)
	at org.apache.camel.impl.DefaultCamelContext.doStart(DefaultCamelContext.java:3245)
	at org.apache.camel.support.ServiceSupport.start(ServiceSupport.java:61)
	at org.apache.camel.impl.DefaultCamelContext.start(DefaultCamelContext.java:3168)
	at org.apache.camel.spring.SpringCamelContext.start(SpringCamelContext.java:133)
	... 16 common frames omitted
Caused by: org.apache.camel.ResolveEndpointFailedException: Failed to resolve endpoint: restlet://http://localhost:8083/item?restletMethods=POST due to: No component found with scheme: restlet
	at org.apache.camel.impl.DefaultCamelContext.getEndpoint(DefaultCamelContext.java:769)
	at org.apache.camel.util.CamelContextHelper.getMandatoryEndpoint(CamelContextHelper.java:80)
	at org.apache.camel.model.RouteDefinition.resolveEndpoint(RouteDefinition.java:219)
	at org.apache.camel.impl.DefaultRouteContext.resolveEndpoint(DefaultRouteContext.java:115)
	at org.apache.camel.impl.DefaultRouteContext.resolveEndpoint(DefaultRouteContext.java:121)
	at org.apache.camel.model.FromDefinition.resolveEndpoint(FromDefinition.java:69)
	at org.apache.camel.impl.DefaultRouteContext.getEndpoint(DefaultRouteContext.java:97)
	at org.apache.camel.model.RouteDefinition.addRoutes(RouteDefinition.java:1278)
	at org.apache.camel.model.RouteDefinition.addRoutes(RouteDefinition.java:204)
	... 27 common frames omitted
22-07-2022 14:38:17.329 [main] INFO  o.s.b.c.e.AnnotationConfigEmbeddedWebApplicationContext.doClose - Closing org.springframework.boot.context.embedded.AnnotationConfigEmbeddedWebApplicationContext@3af9c5b7: startup date [Fri Jul 22 14:38:12 IST 2022]; root of context hierarchy
22-07-2022 14:38:17.332 [main] INFO  o.s.c.s.DefaultLifecycleProcessor.stop - Stopping beans in phase 2147483647
22-07-2022 14:38:17.333 [main] INFO  o.s.j.e.a.AnnotationMBeanExporter.destroy - Unregistering JMX-exposed beans on shutdown
22-07-2022 14:38:17.337 [main] INFO  o.s.o.j.LocalContainerEntityManagerFactoryBean.destroy - Closing JPA EntityManagerFactory for persistence unit 'default'
22-07-2022 14:39:08.012 [main] INFO  c.l.LearncamelSpringBootApplication.logStarting - Starting LearncamelSpringBootApplication on ACLBLRFC818 with PID 28596 (D:\camel\springboot-camel-main\learncamel-spring-boot-restlet-lab2\target\classes started by sawan.k in D:\camel\springboot-camel-main\learncamel-spring-boot-restlet-lab2)
22-07-2022 14:39:08.014 [main] INFO  c.l.LearncamelSpringBootApplication.logStartupProfileInfo - The following profiles are active: dev
22-07-2022 14:39:08.083 [main] INFO  o.s.b.c.e.AnnotationConfigEmbeddedWebApplicationContext.prepareRefresh - Refreshing org.springframework.boot.context.embedded.AnnotationConfigEmbeddedWebApplicationContext@21b2e768: startup date [Fri Jul 22 14:39:08 IST 2022]; root of context hierarchy
22-07-2022 14:39:08.234 [background-preinit] INFO  o.h.validator.internal.util.Version.<clinit> - HV000001: Hibernate Validator 5.3.6.Final
22-07-2022 14:39:09.537 [main] INFO  o.s.c.s.PostProcessorRegistrationDelegate$BeanPostProcessorChecker.postProcessAfterInitialization - Bean 'org.springframework.transaction.annotation.ProxyTransactionManagementConfiguration' of type [org.springframework.transaction.annotation.ProxyTransactionManagementConfiguration$$EnhancerBySpringCGLIB$$99fa0d82] is not eligible for getting processed by all BeanPostProcessors (for example: not eligible for auto-proxying)
22-07-2022 14:39:09.565 [main] INFO  o.s.c.s.PostProcessorRegistrationDelegate$BeanPostProcessorChecker.postProcessAfterInitialization - Bean 'org.apache.camel.spring.boot.CamelAutoConfiguration' of type [org.apache.camel.spring.boot.CamelAutoConfiguration$$EnhancerBySpringCGLIB$$bc23d3a1] is not eligible for getting processed by all BeanPostProcessors (for example: not eligible for auto-proxying)
22-07-2022 14:39:09.878 [main] INFO  o.s.b.c.e.t.TomcatEmbeddedServletContainer.initialize - Tomcat initialized with port(s): 8080 (http)
22-07-2022 14:39:09.889 [main] INFO  o.a.catalina.core.StandardService.log - Starting service [Tomcat]
22-07-2022 14:39:09.890 [main] INFO  o.a.catalina.core.StandardEngine.log - Starting Servlet Engine: Apache Tomcat/8.5.23
22-07-2022 14:39:10.007 [localhost-startStop-1] INFO  o.a.c.c.C.[Tomcat].[localhost].[/].log - Initializing Spring embedded WebApplicationContext
22-07-2022 14:39:10.008 [localhost-startStop-1] INFO  o.s.web.context.ContextLoader.prepareEmbeddedWebApplicationContext - Root WebApplicationContext: initialization completed in 1926 ms
22-07-2022 14:39:10.170 [localhost-startStop-1] INFO  o.s.b.w.s.ServletRegistrationBean.onStartup - Mapping servlet: 'dispatcherServlet' to [/]
22-07-2022 14:39:10.171 [localhost-startStop-1] INFO  o.s.b.w.s.ServletRegistrationBean.onStartup - Mapping servlet: 'webServlet' to [/h2-console/*]
22-07-2022 14:39:10.174 [localhost-startStop-1] INFO  o.s.b.w.s.FilterRegistrationBean.configure - Mapping filter: 'characterEncodingFilter' to: [/*]
22-07-2022 14:39:10.175 [localhost-startStop-1] INFO  o.s.b.w.s.FilterRegistrationBean.configure - Mapping filter: 'hiddenHttpMethodFilter' to: [/*]
22-07-2022 14:39:10.175 [localhost-startStop-1] INFO  o.s.b.w.s.FilterRegistrationBean.configure - Mapping filter: 'httpPutFormContentFilter' to: [/*]
22-07-2022 14:39:10.175 [localhost-startStop-1] INFO  o.s.b.w.s.FilterRegistrationBean.configure - Mapping filter: 'requestContextFilter' to: [/*]
22-07-2022 14:39:10.541 [main] INFO  o.s.o.j.LocalContainerEntityManagerFactoryBean.createNativeEntityManagerFactory - Building JPA container EntityManagerFactory for persistence unit 'default'
22-07-2022 14:39:10.552 [main] INFO  o.h.jpa.internal.util.LogHelper.logPersistenceUnitInformation - HHH000204: Processing PersistenceUnitInfo [
	name: default
	...]
22-07-2022 14:39:10.611 [main] INFO  org.hibernate.Version.logVersion - HHH000412: Hibernate Core {5.0.12.Final}
22-07-2022 14:39:10.613 [main] INFO  org.hibernate.cfg.Environment.<clinit> - HHH000206: hibernate.properties not found
22-07-2022 14:39:10.614 [main] INFO  org.hibernate.cfg.Environment.buildBytecodeProvider - HHH000021: Bytecode provider name : javassist
22-07-2022 14:39:10.651 [main] INFO  o.h.annotations.common.Version.<clinit> - HCANN000001: Hibernate Commons Annotations {5.0.1.Final}
22-07-2022 14:39:10.773 [main] INFO  org.hibernate.dialect.Dialect.<init> - HHH000400: Using dialect: org.hibernate.dialect.H2Dialect
22-07-2022 14:39:11.176 [main] INFO  o.h.tool.hbm2ddl.SchemaUpdate.execute - HHH000228: Running hbm2ddl schema update
22-07-2022 14:39:11.190 [main] INFO  o.h.t.s.e.i.InformationExtractorJdbcDatabaseMetaDataImpl.processGetTableResults - HHH000262: Table not found: item
22-07-2022 14:39:11.208 [main] INFO  o.h.h.i.QueryTranslatorFactoryInitiator.initiateService - HHH000397: Using ASTQueryTranslatorFactory
22-07-2022 14:39:11.302 [main] INFO  o.s.o.j.LocalContainerEntityManagerFactoryBean.buildNativeEntityManagerFactory - Initialized JPA EntityManagerFactory for persistence unit 'default'
22-07-2022 14:39:11.636 [main] INFO  o.s.w.s.m.m.a.RequestMappingHandlerAdapter.initControllerAdviceCache - Looking for @ControllerAdvice: org.springframework.boot.context.embedded.AnnotationConfigEmbeddedWebApplicationContext@21b2e768: startup date [Fri Jul 22 14:39:08 IST 2022]; root of context hierarchy
22-07-2022 14:39:11.673 [main] INFO  o.s.jdbc.datasource.init.ScriptUtils.executeSqlScript - Executing SQL script from URL [file:/D:/camel/springboot-camel-main/learncamel-spring-boot-restlet-lab2/target/classes/data.sql]
22-07-2022 14:39:11.677 [main] INFO  o.s.jdbc.datasource.init.ScriptUtils.executeSqlScript - Executed SQL script from URL [file:/D:/camel/springboot-camel-main/learncamel-spring-boot-restlet-lab2/target/classes/data.sql] in 3 ms.
22-07-2022 14:39:11.700 [main] INFO  o.s.w.s.m.m.a.RequestMappingHandlerMapping.register - Mapped "{[/swagger-ui]}" onto public java.lang.String com.learncamel.config.SwaggerConfig$SwaggerWelcome.redirectToUi()
22-07-2022 14:39:11.706 [main] INFO  o.s.w.s.m.m.a.RequestMappingHandlerMapping.register - Mapped "{[/error]}" onto public org.springframework.http.ResponseEntity<java.util.Map<java.lang.String, java.lang.Object>> org.springframework.boot.autoconfigure.web.BasicErrorController.error(javax.servlet.http.HttpServletRequest)
22-07-2022 14:39:11.707 [main] INFO  o.s.w.s.m.m.a.RequestMappingHandlerMapping.register - Mapped "{[/error],produces=[text/html]}" onto public org.springframework.web.servlet.ModelAndView org.springframework.boot.autoconfigure.web.BasicErrorController.errorHtml(javax.servlet.http.HttpServletRequest,javax.servlet.http.HttpServletResponse)
22-07-2022 14:39:11.739 [main] INFO  o.s.w.s.h.SimpleUrlHandlerMapping.registerHandler - Mapped URL path [/webjars/**] onto handler of type [class org.springframework.web.servlet.resource.ResourceHttpRequestHandler]
22-07-2022 14:39:11.739 [main] INFO  o.s.w.s.h.SimpleUrlHandlerMapping.registerHandler - Mapped URL path [/**] onto handler of type [class org.springframework.web.servlet.resource.ResourceHttpRequestHandler]
22-07-2022 14:39:11.776 [main] INFO  o.s.w.s.h.SimpleUrlHandlerMapping.registerHandler - Mapped URL path [/**/favicon.ico] onto handler of type [class org.springframework.web.servlet.resource.ResourceHttpRequestHandler]
22-07-2022 14:39:11.993 [main] WARN  o.a.c.i.DefaultCamelBeanPostProcessor.postProcessBeforeInitialization - No CamelContext defined yet so cannot inject into bean: routesHealthCheckRepository
22-07-2022 14:39:12.071 [main] WARN  o.a.c.i.c.AnnotationTypeConverterLoader.loadConverterMethods - Ignoring converter type: org.apache.camel.component.restlet.converter.RestletConverter as a dependent class could not be found: java.lang.NoClassDefFoundError: org/restlet/data/Method
java.lang.NoClassDefFoundError: org/restlet/data/Method
	at java.lang.Class.getDeclaredMethods0(Native Method)
	at java.lang.Class.privateGetDeclaredMethods(Class.java:2701)
	at java.lang.Class.getDeclaredMethods(Class.java:1975)
	at org.apache.camel.impl.converter.AnnotationTypeConverterLoader.loadConverterMethods(AnnotationTypeConverterLoader.java:262)
	at org.apache.camel.impl.converter.AnnotationTypeConverterLoader.load(AnnotationTypeConverterLoader.java:130)
	at org.apache.camel.impl.converter.BaseTypeConverterRegistry.loadTypeConverters(BaseTypeConverterRegistry.java:640)
	at org.apache.camel.impl.converter.DefaultTypeConverter.doStart(DefaultTypeConverter.java:62)
	at org.apache.camel.support.ServiceSupport.start(ServiceSupport.java:61)
	at org.apache.camel.util.ServiceHelper.startService(ServiceHelper.java:75)
	at org.apache.camel.impl.DefaultCamelContext.doAddService(DefaultCamelContext.java:1495)
	at org.apache.camel.impl.DefaultCamelContext.addService(DefaultCamelContext.java:1455)
	at org.apache.camel.impl.DefaultCamelContext.getTypeConverter(DefaultCamelContext.java:2576)
	at org.apache.camel.spring.boot.TypeConversionConfiguration.typeConverter(TypeConversionConfiguration.java:44)
	at org.apache.camel.spring.boot.TypeConversionConfiguration$$EnhancerBySpringCGLIB$$edfe8c04.CGLIB$typeConverter$2(<generated>)
	at org.apache.camel.spring.boot.TypeConversionConfiguration$$EnhancerBySpringCGLIB$$edfe8c04$$FastClassBySpringCGLIB$$159ce869.invoke(<generated>)
	at org.springframework.cglib.proxy.MethodProxy.invokeSuper(MethodProxy.java:228)
	at org.springframework.context.annotation.ConfigurationClassEnhancer$BeanMethodInterceptor.intercept(ConfigurationClassEnhancer.java:358)
	at org.apache.camel.spring.boot.TypeConversionConfiguration$$EnhancerBySpringCGLIB$$edfe8c04.typeConverter(<generated>)
	at sun.reflect.NativeMethodAccessorImpl.invoke0(Native Method)
	at sun.reflect.NativeMethodAccessorImpl.invoke(NativeMethodAccessorImpl.java:62)
	at sun.reflect.DelegatingMethodAccessorImpl.invoke(DelegatingMethodAccessorImpl.java:43)
	at java.lang.reflect.Method.invoke(Method.java:498)
	at org.springframework.beans.factory.support.SimpleInstantiationStrategy.instantiate(SimpleInstantiationStrategy.java:162)
	at org.springframework.beans.factory.support.ConstructorResolver.instantiateUsingFactoryMethod(ConstructorResolver.java:588)
	at org.springframework.beans.factory.support.AbstractAutowireCapableBeanFactory.instantiateUsingFactoryMethod(AbstractAutowireCapableBeanFactory.java:1173)
	at org.springframework.beans.factory.support.AbstractAutowireCapableBeanFactory.createBeanInstance(AbstractAutowireCapableBeanFactory.java:1067)
	at org.springframework.beans.factory.support.AbstractAutowireCapableBeanFactory.doCreateBean(AbstractAutowireCapableBeanFactory.java:513)
	at org.springframework.beans.factory.support.AbstractAutowireCapableBeanFactory.createBean(AbstractAutowireCapableBeanFactory.java:483)
	at org.springframework.beans.factory.support.AbstractBeanFactory$1.getObject(AbstractBeanFactory.java:306)
	at org.springframework.beans.factory.support.DefaultSingletonBeanRegistry.getSingleton(DefaultSingletonBeanRegistry.java:230)
	at org.springframework.beans.factory.support.AbstractBeanFactory.doGetBean(AbstractBeanFactory.java:302)
	at org.springframework.beans.factory.support.AbstractBeanFactory.getBean(AbstractBeanFactory.java:197)
	at org.springframework.beans.factory.support.DefaultListableBeanFactory.preInstantiateSingletons(DefaultListableBeanFactory.java:761)
	at org.springframework.context.support.AbstractApplicationContext.finishBeanFactoryInitialization(AbstractApplicationContext.java:867)
	at org.springframework.context.support.AbstractApplicationContext.refresh(AbstractApplicationContext.java:543)
	at org.springframework.boot.context.embedded.EmbeddedWebApplicationContext.refresh(EmbeddedWebApplicationContext.java:122)
	at org.springframework.boot.SpringApplication.refresh(SpringApplication.java:693)
	at org.springframework.boot.SpringApplication.refreshContext(SpringApplication.java:360)
	at org.springframework.boot.SpringApplication.run(SpringApplication.java:303)
	at org.springframework.boot.SpringApplication.run(SpringApplication.java:1118)
	at org.springframework.boot.SpringApplication.run(SpringApplication.java:1107)
	at com.learncamel.LearncamelSpringBootApplication.main(LearncamelSpringBootApplication.java:10)
Caused by: java.lang.ClassNotFoundException: org.restlet.data.Method
	at java.net.URLClassLoader.findClass(URLClassLoader.java:382)
	at java.lang.ClassLoader.loadClass(ClassLoader.java:424)
	at sun.misc.Launcher$AppClassLoader.loadClass(Launcher.java:349)
	at java.lang.ClassLoader.loadClass(ClassLoader.java:357)
	... 42 common frames omitted
22-07-2022 14:39:12.080 [main] INFO  o.a.c.i.c.DefaultTypeConverter.doStart - Type converters loaded (core: 192, classpath: 7)
22-07-2022 14:39:12.905 [main] INFO  o.s.j.e.a.AnnotationMBeanExporter.afterSingletonsInstantiated - Registering beans for JMX exposure on startup
22-07-2022 14:39:12.916 [main] INFO  c.l.route.ItemRestServiceRoute.configure - Starting the Camel Route
22-07-2022 14:39:12.952 [main] INFO  o.a.c.spring.boot.RoutesCollector.loadXmlRoutes - Loading additional Camel XML routes from: classpath:camel/*.xml
22-07-2022 14:39:12.952 [main] INFO  o.a.c.spring.boot.RoutesCollector.loadXmlRests - Loading additional Camel XML rests from: classpath:camel-rest/*.xml
22-07-2022 14:39:12.962 [main] INFO  o.a.camel.spring.SpringCamelContext.start - Apache Camel 2.20.1 (CamelContext: itemapps) is starting
22-07-2022 14:39:12.963 [main] INFO  o.a.c.m.ManagedManagementStrategy.doStart - JMX is enabled
22-07-2022 14:39:13.057 [main] INFO  o.a.camel.spring.SpringCamelContext.doStop - Apache Camel 2.20.1 (CamelContext: itemapps) is shutting down
22-07-2022 14:39:13.081 [main] INFO  o.a.camel.spring.SpringCamelContext.doStop - Apache Camel 2.20.1 (CamelContext: itemapps) uptime 0.118 seconds
22-07-2022 14:39:13.081 [main] INFO  o.a.camel.spring.SpringCamelContext.doStop - Apache Camel 2.20.1 (CamelContext: itemapps) is shutdown in 0.024 seconds
22-07-2022 14:39:13.085 [main] INFO  o.a.catalina.core.StandardService.log - Stopping service [Tomcat]
22-07-2022 14:39:13.095 [main] INFO  o.s.b.a.l.AutoConfigurationReportLoggingInitializer.logAutoConfigurationReport - 

Error starting ApplicationContext. To display the auto-configuration report re-run your application with 'debug' enabled.
22-07-2022 14:39:13.105 [main] ERROR o.s.boot.SpringApplication.reportFailure - Application startup failed
org.apache.camel.RuntimeCamelException: org.apache.camel.FailedToCreateRouteException: Failed to create route itemPostRoute: Route(itemPostRoute)[[From[restlet:http://localhost:8083/ite... because of Failed to resolve endpoint: restlet://http://localhost:8083/item?restletMethods=POST due to: Cannot auto create component: restlet
	at org.apache.camel.util.ObjectHelper.wrapRuntimeCamelException(ObjectHelper.java:1831)
	at org.apache.camel.spring.SpringCamelContext.start(SpringCamelContext.java:136)
	at org.apache.camel.spring.SpringCamelContext.onApplicationEvent(SpringCamelContext.java:174)
	at org.springframework.context.event.SimpleApplicationEventMulticaster.doInvokeListener(SimpleApplicationEventMulticaster.java:172)
	at org.springframework.context.event.SimpleApplicationEventMulticaster.invokeListener(SimpleApplicationEventMulticaster.java:165)
	at org.springframework.context.event.SimpleApplicationEventMulticaster.multicastEvent(SimpleApplicationEventMulticaster.java:139)
	at org.springframework.context.support.AbstractApplicationContext.publishEvent(AbstractApplicationContext.java:393)
	at org.springframework.context.support.AbstractApplicationContext.publishEvent(AbstractApplicationContext.java:347)
	at org.springframework.context.support.AbstractApplicationContext.finishRefresh(AbstractApplicationContext.java:883)
	at org.springframework.boot.context.embedded.EmbeddedWebApplicationContext.finishRefresh(EmbeddedWebApplicationContext.java:144)
	at org.springframework.context.support.AbstractApplicationContext.refresh(AbstractApplicationContext.java:546)
	at org.springframework.boot.context.embedded.EmbeddedWebApplicationContext.refresh(EmbeddedWebApplicationContext.java:122)
	at org.springframework.boot.SpringApplication.refresh(SpringApplication.java:693)
	at org.springframework.boot.SpringApplication.refreshContext(SpringApplication.java:360)
	at org.springframework.boot.SpringApplication.run(SpringApplication.java:303)
	at org.springframework.boot.SpringApplication.run(SpringApplication.java:1118)
	at org.springframework.boot.SpringApplication.run(SpringApplication.java:1107)
	at com.learncamel.LearncamelSpringBootApplication.main(LearncamelSpringBootApplication.java:10)
Caused by: org.apache.camel.FailedToCreateRouteException: Failed to create route itemPostRoute: Route(itemPostRoute)[[From[restlet:http://localhost:8083/ite... because of Failed to resolve endpoint: restlet://http://localhost:8083/item?restletMethods=POST due to: Cannot auto create component: restlet
	at org.apache.camel.model.RouteDefinition.addRoutes(RouteDefinition.java:209)
	at org.apache.camel.impl.DefaultCamelContext.startRoute(DefaultCamelContext.java:1148)
	at org.apache.camel.impl.DefaultCamelContext.startRouteDefinitions(DefaultCamelContext.java:3727)
	at org.apache.camel.impl.DefaultCamelContext.doStartCamel(DefaultCamelContext.java:3441)
	at org.apache.camel.impl.DefaultCamelContext.access$000(DefaultCamelContext.java:208)
	at org.apache.camel.impl.DefaultCamelContext$2.call(DefaultCamelContext.java:3249)
	at org.apache.camel.impl.DefaultCamelContext$2.call(DefaultCamelContext.java:3245)
	at org.apache.camel.impl.DefaultCamelContext.doWithDefinedClassLoader(DefaultCamelContext.java:3268)
	at org.apache.camel.impl.DefaultCamelContext.doStart(DefaultCamelContext.java:3245)
	at org.apache.camel.support.ServiceSupport.start(ServiceSupport.java:61)
	at org.apache.camel.impl.DefaultCamelContext.start(DefaultCamelContext.java:3168)
	at org.apache.camel.spring.SpringCamelContext.start(SpringCamelContext.java:133)
	... 16 common frames omitted
Caused by: org.apache.camel.ResolveEndpointFailedException: Failed to resolve endpoint: restlet://http://localhost:8083/item?restletMethods=POST due to: Cannot auto create component: restlet
	at org.apache.camel.impl.DefaultCamelContext.getEndpoint(DefaultCamelContext.java:763)
	at org.apache.camel.util.CamelContextHelper.getMandatoryEndpoint(CamelContextHelper.java:80)
	at org.apache.camel.model.RouteDefinition.resolveEndpoint(RouteDefinition.java:219)
	at org.apache.camel.impl.DefaultRouteContext.resolveEndpoint(DefaultRouteContext.java:115)
	at org.apache.camel.impl.DefaultRouteContext.resolveEndpoint(DefaultRouteContext.java:121)
	at org.apache.camel.model.FromDefinition.resolveEndpoint(FromDefinition.java:69)
	at org.apache.camel.impl.DefaultRouteContext.getEndpoint(DefaultRouteContext.java:97)
	at org.apache.camel.model.RouteDefinition.addRoutes(RouteDefinition.java:1278)
	at org.apache.camel.model.RouteDefinition.addRoutes(RouteDefinition.java:204)
	... 27 common frames omitted
Caused by: org.apache.camel.RuntimeCamelException: Cannot auto create component: restlet
	at org.apache.camel.impl.DefaultCamelContext.getComponent(DefaultCamelContext.java:494)
	at org.apache.camel.impl.DefaultCamelContext.getComponent(DefaultCamelContext.java:458)
	at org.apache.camel.impl.DefaultCamelContext.getEndpoint(DefaultCamelContext.java:706)
	... 35 common frames omitted
Caused by: org.apache.camel.RuntimeCamelException: Cannot auto create component: restlet
	at org.apache.camel.impl.DefaultCamelContext.initComponent(DefaultCamelContext.java:549)
	at org.apache.camel.impl.DefaultCamelContext.lambda$getComponent$0(DefaultCamelContext.java:479)
	at java.util.concurrent.ConcurrentHashMap.computeIfAbsent(ConcurrentHashMap.java:1660)
	at org.apache.camel.impl.DefaultCamelContext.getComponent(DefaultCamelContext.java:477)
	... 37 common frames omitted
Caused by: org.springframework.beans.factory.BeanCreationException: Error creating bean with name 'org.apache.camel.component.restlet.RestletComponent': Failed to introspect bean class [org.apache.camel.component.restlet.RestletComponent] for lookup method metadata: could not find class that it depends on; nested exception is java.lang.NoClassDefFoundError: org/restlet/Restlet
	at org.springframework.beans.factory.annotation.AutowiredAnnotationBeanPostProcessor.determineCandidateConstructors(AutowiredAnnotationBeanPostProcessor.java:269)
	at org.springframework.beans.factory.support.AbstractAutowireCapableBeanFactory.determineConstructorsFromBeanPostProcessors(AbstractAutowireCapableBeanFactory.java:1118)
	at org.springframework.beans.factory.support.AbstractAutowireCapableBeanFactory.createBeanInstance(AbstractAutowireCapableBeanFactory.java:1091)
	at org.springframework.beans.factory.support.AbstractAutowireCapableBeanFactory.doCreateBean(AbstractAutowireCapableBeanFactory.java:513)
	at org.springframework.beans.factory.support.AbstractAutowireCapableBeanFactory.createBean(AbstractAutowireCapableBeanFactory.java:483)
	at org.springframework.beans.factory.support.AbstractAutowireCapableBeanFactory.createBean(AbstractAutowireCapableBeanFactory.java:343)
	at org.apache.camel.spring.spi.SpringInjector.newInstance(SpringInjector.java:39)
	at org.apache.camel.impl.DefaultComponentResolver.resolveComponent(DefaultComponentResolver.java:73)
	at org.apache.camel.impl.DefaultCamelContext.initComponent(DefaultCamelContext.java:543)
	... 40 common frames omitted
Caused by: java.lang.NoClassDefFoundError: org/restlet/Restlet
	at java.lang.Class.getDeclaredMethods0(Native Method)
	at java.lang.Class.privateGetDeclaredMethods(Class.java:2701)
	at java.lang.Class.getDeclaredMethods(Class.java:1975)
	at org.springframework.util.ReflectionUtils.getDeclaredMethods(ReflectionUtils.java:613)
	at org.springframework.util.ReflectionUtils.doWithMethods(ReflectionUtils.java:524)
	at org.springframework.util.ReflectionUtils.doWithMethods(ReflectionUtils.java:510)
	at org.springframework.beans.factory.annotation.AutowiredAnnotationBeanPostProcessor.determineCandidateConstructors(AutowiredAnnotationBeanPostProcessor.java:247)
	... 48 common frames omitted
Caused by: java.lang.ClassNotFoundException: org.restlet.Restlet
	at java.net.URLClassLoader.findClass(URLClassLoader.java:382)
	at java.lang.ClassLoader.loadClass(ClassLoader.java:424)
	at sun.misc.Launcher$AppClassLoader.loadClass(Launcher.java:349)
	at java.lang.ClassLoader.loadClass(ClassLoader.java:357)
	... 55 common frames omitted
22-07-2022 14:39:13.107 [main] INFO  o.s.b.c.e.AnnotationConfigEmbeddedWebApplicationContext.doClose - Closing org.springframework.boot.context.embedded.AnnotationConfigEmbeddedWebApplicationContext@21b2e768: startup date [Fri Jul 22 14:39:08 IST 2022]; root of context hierarchy
22-07-2022 14:39:13.111 [main] INFO  o.s.c.s.DefaultLifecycleProcessor.stop - Stopping beans in phase 2147483647
22-07-2022 14:39:13.111 [main] INFO  o.s.j.e.a.AnnotationMBeanExporter.destroy - Unregistering JMX-exposed beans on shutdown
22-07-2022 14:39:13.113 [main] INFO  o.s.o.j.LocalContainerEntityManagerFactoryBean.destroy - Closing JPA EntityManagerFactory for persistence unit 'default'
22-07-2022 14:41:51.446 [main] INFO  c.l.LearncamelSpringBootApplication.logStarting - Starting LearncamelSpringBootApplication on ACLBLRFC818 with PID 14212 (D:\camel\springboot-camel-main\learncamel-spring-boot-restlet-lab2\target\classes started by sawan.k in D:\camel\springboot-camel-main\learncamel-spring-boot-restlet-lab2)
22-07-2022 14:41:51.451 [main] INFO  c.l.LearncamelSpringBootApplication.logStartupProfileInfo - The following profiles are active: dev
22-07-2022 14:41:51.517 [main] INFO  o.s.b.c.e.AnnotationConfigEmbeddedWebApplicationContext.prepareRefresh - Refreshing org.springframework.boot.context.embedded.AnnotationConfigEmbeddedWebApplicationContext@548e6d58: startup date [Fri Jul 22 14:41:51 IST 2022]; root of context hierarchy
22-07-2022 14:41:51.661 [background-preinit] INFO  o.h.validator.internal.util.Version.<clinit> - HV000001: Hibernate Validator 5.3.6.Final
22-07-2022 14:41:52.846 [main] INFO  o.s.c.s.PostProcessorRegistrationDelegate$BeanPostProcessorChecker.postProcessAfterInitialization - Bean 'org.springframework.transaction.annotation.ProxyTransactionManagementConfiguration' of type [org.springframework.transaction.annotation.ProxyTransactionManagementConfiguration$$EnhancerBySpringCGLIB$$13d316d7] is not eligible for getting processed by all BeanPostProcessors (for example: not eligible for auto-proxying)
22-07-2022 14:41:52.879 [main] INFO  o.s.c.s.PostProcessorRegistrationDelegate$BeanPostProcessorChecker.postProcessAfterInitialization - Bean 'org.apache.camel.spring.boot.CamelAutoConfiguration' of type [org.apache.camel.spring.boot.CamelAutoConfiguration$$EnhancerBySpringCGLIB$$35fcdcf6] is not eligible for getting processed by all BeanPostProcessors (for example: not eligible for auto-proxying)
22-07-2022 14:41:53.213 [main] INFO  o.s.b.c.e.t.TomcatEmbeddedServletContainer.initialize - Tomcat initialized with port(s): 8080 (http)
22-07-2022 14:41:53.232 [main] INFO  o.a.catalina.core.StandardService.log - Starting service [Tomcat]
22-07-2022 14:41:53.233 [main] INFO  o.a.catalina.core.StandardEngine.log - Starting Servlet Engine: Apache Tomcat/8.5.23
22-07-2022 14:41:53.385 [localhost-startStop-1] INFO  o.a.c.c.C.[Tomcat].[localhost].[/].log - Initializing Spring embedded WebApplicationContext
22-07-2022 14:41:53.385 [localhost-startStop-1] INFO  o.s.web.context.ContextLoader.prepareEmbeddedWebApplicationContext - Root WebApplicationContext: initialization completed in 1868 ms
22-07-2022 14:41:53.648 [localhost-startStop-1] INFO  o.s.b.w.s.ServletRegistrationBean.onStartup - Mapping servlet: 'dispatcherServlet' to [/]
22-07-2022 14:41:53.652 [localhost-startStop-1] INFO  o.s.b.w.s.ServletRegistrationBean.onStartup - Mapping servlet: 'webServlet' to [/h2-console/*]
22-07-2022 14:41:53.657 [localhost-startStop-1] INFO  o.s.b.w.s.FilterRegistrationBean.configure - Mapping filter: 'characterEncodingFilter' to: [/*]
22-07-2022 14:41:53.657 [localhost-startStop-1] INFO  o.s.b.w.s.FilterRegistrationBean.configure - Mapping filter: 'hiddenHttpMethodFilter' to: [/*]
22-07-2022 14:41:53.658 [localhost-startStop-1] INFO  o.s.b.w.s.FilterRegistrationBean.configure - Mapping filter: 'httpPutFormContentFilter' to: [/*]
22-07-2022 14:41:53.658 [localhost-startStop-1] INFO  o.s.b.w.s.FilterRegistrationBean.configure - Mapping filter: 'requestContextFilter' to: [/*]
22-07-2022 14:41:54.094 [main] INFO  o.s.o.j.LocalContainerEntityManagerFactoryBean.createNativeEntityManagerFactory - Building JPA container EntityManagerFactory for persistence unit 'default'
22-07-2022 14:41:54.107 [main] INFO  o.h.jpa.internal.util.LogHelper.logPersistenceUnitInformation - HHH000204: Processing PersistenceUnitInfo [
	name: default
	...]
22-07-2022 14:41:54.169 [main] INFO  org.hibernate.Version.logVersion - HHH000412: Hibernate Core {5.0.12.Final}
22-07-2022 14:41:54.170 [main] INFO  org.hibernate.cfg.Environment.<clinit> - HHH000206: hibernate.properties not found
22-07-2022 14:41:54.171 [main] INFO  org.hibernate.cfg.Environment.buildBytecodeProvider - HHH000021: Bytecode provider name : javassist
22-07-2022 14:41:54.206 [main] INFO  o.h.annotations.common.Version.<clinit> - HCANN000001: Hibernate Commons Annotations {5.0.1.Final}
22-07-2022 14:41:54.334 [main] INFO  org.hibernate.dialect.Dialect.<init> - HHH000400: Using dialect: org.hibernate.dialect.H2Dialect
22-07-2022 14:41:54.740 [main] INFO  o.h.tool.hbm2ddl.SchemaUpdate.execute - HHH000228: Running hbm2ddl schema update
22-07-2022 14:41:54.753 [main] INFO  o.h.t.s.e.i.InformationExtractorJdbcDatabaseMetaDataImpl.processGetTableResults - HHH000262: Table not found: item
22-07-2022 14:41:54.776 [main] INFO  o.h.h.i.QueryTranslatorFactoryInitiator.initiateService - HHH000397: Using ASTQueryTranslatorFactory
22-07-2022 14:41:54.871 [main] INFO  o.s.o.j.LocalContainerEntityManagerFactoryBean.buildNativeEntityManagerFactory - Initialized JPA EntityManagerFactory for persistence unit 'default'
22-07-2022 14:41:55.210 [main] INFO  o.s.w.s.m.m.a.RequestMappingHandlerAdapter.initControllerAdviceCache - Looking for @ControllerAdvice: org.springframework.boot.context.embedded.AnnotationConfigEmbeddedWebApplicationContext@548e6d58: startup date [Fri Jul 22 14:41:51 IST 2022]; root of context hierarchy
22-07-2022 14:41:55.248 [main] INFO  o.s.jdbc.datasource.init.ScriptUtils.executeSqlScript - Executing SQL script from URL [file:/D:/camel/springboot-camel-main/learncamel-spring-boot-restlet-lab2/target/classes/data.sql]
22-07-2022 14:41:55.252 [main] INFO  o.s.jdbc.datasource.init.ScriptUtils.executeSqlScript - Executed SQL script from URL [file:/D:/camel/springboot-camel-main/learncamel-spring-boot-restlet-lab2/target/classes/data.sql] in 3 ms.
22-07-2022 14:41:55.272 [main] INFO  o.s.w.s.m.m.a.RequestMappingHandlerMapping.register - Mapped "{[/swagger-ui]}" onto public java.lang.String com.learncamel.config.SwaggerConfig$SwaggerWelcome.redirectToUi()
22-07-2022 14:41:55.278 [main] INFO  o.s.w.s.m.m.a.RequestMappingHandlerMapping.register - Mapped "{[/error]}" onto public org.springframework.http.ResponseEntity<java.util.Map<java.lang.String, java.lang.Object>> org.springframework.boot.autoconfigure.web.BasicErrorController.error(javax.servlet.http.HttpServletRequest)
22-07-2022 14:41:55.279 [main] INFO  o.s.w.s.m.m.a.RequestMappingHandlerMapping.register - Mapped "{[/error],produces=[text/html]}" onto public org.springframework.web.servlet.ModelAndView org.springframework.boot.autoconfigure.web.BasicErrorController.errorHtml(javax.servlet.http.HttpServletRequest,javax.servlet.http.HttpServletResponse)
22-07-2022 14:41:55.313 [main] INFO  o.s.w.s.h.SimpleUrlHandlerMapping.registerHandler - Mapped URL path [/webjars/**] onto handler of type [class org.springframework.web.servlet.resource.ResourceHttpRequestHandler]
22-07-2022 14:41:55.313 [main] INFO  o.s.w.s.h.SimpleUrlHandlerMapping.registerHandler - Mapped URL path [/**] onto handler of type [class org.springframework.web.servlet.resource.ResourceHttpRequestHandler]
22-07-2022 14:41:55.349 [main] INFO  o.s.w.s.h.SimpleUrlHandlerMapping.registerHandler - Mapped URL path [/**/favicon.ico] onto handler of type [class org.springframework.web.servlet.resource.ResourceHttpRequestHandler]
22-07-2022 14:41:55.565 [main] WARN  o.a.c.i.DefaultCamelBeanPostProcessor.postProcessBeforeInitialization - No CamelContext defined yet so cannot inject into bean: routesHealthCheckRepository
22-07-2022 14:41:55.647 [main] WARN  o.a.c.i.c.AnnotationTypeConverterLoader.loadConverterMethods - Ignoring converter type: org.apache.camel.component.restlet.converter.RestletConverter as a dependent class could not be found: java.lang.NoClassDefFoundError: [Lorg/restlet/data/Method;
java.lang.NoClassDefFoundError: [Lorg/restlet/data/Method;
	at java.lang.Class.getDeclaredMethods0(Native Method)
	at java.lang.Class.privateGetDeclaredMethods(Class.java:2701)
	at java.lang.Class.getDeclaredMethods(Class.java:1975)
	at org.apache.camel.impl.converter.AnnotationTypeConverterLoader.loadConverterMethods(AnnotationTypeConverterLoader.java:262)
	at org.apache.camel.impl.converter.AnnotationTypeConverterLoader.load(AnnotationTypeConverterLoader.java:130)
	at org.apache.camel.impl.converter.BaseTypeConverterRegistry.loadTypeConverters(BaseTypeConverterRegistry.java:640)
	at org.apache.camel.impl.converter.DefaultTypeConverter.doStart(DefaultTypeConverter.java:62)
	at org.apache.camel.support.ServiceSupport.start(ServiceSupport.java:61)
	at org.apache.camel.util.ServiceHelper.startService(ServiceHelper.java:75)
	at org.apache.camel.impl.DefaultCamelContext.doAddService(DefaultCamelContext.java:1495)
	at org.apache.camel.impl.DefaultCamelContext.addService(DefaultCamelContext.java:1455)
	at org.apache.camel.impl.DefaultCamelContext.getTypeConverter(DefaultCamelContext.java:2576)
	at org.apache.camel.spring.boot.TypeConversionConfiguration.typeConverter(TypeConversionConfiguration.java:44)
	at org.apache.camel.spring.boot.TypeConversionConfiguration$$EnhancerBySpringCGLIB$$67d79559.CGLIB$typeConverter$0(<generated>)
	at org.apache.camel.spring.boot.TypeConversionConfiguration$$EnhancerBySpringCGLIB$$67d79559$$FastClassBySpringCGLIB$$b0db1ef0.invoke(<generated>)
	at org.springframework.cglib.proxy.MethodProxy.invokeSuper(MethodProxy.java:228)
	at org.springframework.context.annotation.ConfigurationClassEnhancer$BeanMethodInterceptor.intercept(ConfigurationClassEnhancer.java:358)
	at org.apache.camel.spring.boot.TypeConversionConfiguration$$EnhancerBySpringCGLIB$$67d79559.typeConverter(<generated>)
	at sun.reflect.NativeMethodAccessorImpl.invoke0(Native Method)
	at sun.reflect.NativeMethodAccessorImpl.invoke(NativeMethodAccessorImpl.java:62)
	at sun.reflect.DelegatingMethodAccessorImpl.invoke(DelegatingMethodAccessorImpl.java:43)
	at java.lang.reflect.Method.invoke(Method.java:498)
	at org.springframework.beans.factory.support.SimpleInstantiationStrategy.instantiate(SimpleInstantiationStrategy.java:162)
	at org.springframework.beans.factory.support.ConstructorResolver.instantiateUsingFactoryMethod(ConstructorResolver.java:588)
	at org.springframework.beans.factory.support.AbstractAutowireCapableBeanFactory.instantiateUsingFactoryMethod(AbstractAutowireCapableBeanFactory.java:1173)
	at org.springframework.beans.factory.support.AbstractAutowireCapableBeanFactory.createBeanInstance(AbstractAutowireCapableBeanFactory.java:1067)
	at org.springframework.beans.factory.support.AbstractAutowireCapableBeanFactory.doCreateBean(AbstractAutowireCapableBeanFactory.java:513)
	at org.springframework.beans.factory.support.AbstractAutowireCapableBeanFactory.createBean(AbstractAutowireCapableBeanFactory.java:483)
	at org.springframework.beans.factory.support.AbstractBeanFactory$1.getObject(AbstractBeanFactory.java:306)
	at org.springframework.beans.factory.support.DefaultSingletonBeanRegistry.getSingleton(DefaultSingletonBeanRegistry.java:230)
	at org.springframework.beans.factory.support.AbstractBeanFactory.doGetBean(AbstractBeanFactory.java:302)
	at org.springframework.beans.factory.support.AbstractBeanFactory.getBean(AbstractBeanFactory.java:197)
	at org.springframework.beans.factory.support.DefaultListableBeanFactory.preInstantiateSingletons(DefaultListableBeanFactory.java:761)
	at org.springframework.context.support.AbstractApplicationContext.finishBeanFactoryInitialization(AbstractApplicationContext.java:867)
	at org.springframework.context.support.AbstractApplicationContext.refresh(AbstractApplicationContext.java:543)
	at org.springframework.boot.context.embedded.EmbeddedWebApplicationContext.refresh(EmbeddedWebApplicationContext.java:122)
	at org.springframework.boot.SpringApplication.refresh(SpringApplication.java:693)
	at org.springframework.boot.SpringApplication.refreshContext(SpringApplication.java:360)
	at org.springframework.boot.SpringApplication.run(SpringApplication.java:303)
	at org.springframework.boot.SpringApplication.run(SpringApplication.java:1118)
	at org.springframework.boot.SpringApplication.run(SpringApplication.java:1107)
	at com.learncamel.LearncamelSpringBootApplication.main(LearncamelSpringBootApplication.java:10)
Caused by: java.lang.ClassNotFoundException: org.restlet.data.Method
	at java.net.URLClassLoader.findClass(URLClassLoader.java:382)
	at java.lang.ClassLoader.loadClass(ClassLoader.java:424)
	at sun.misc.Launcher$AppClassLoader.loadClass(Launcher.java:349)
	at java.lang.ClassLoader.loadClass(ClassLoader.java:357)
	... 42 common frames omitted
22-07-2022 14:41:55.657 [main] INFO  o.a.c.i.c.DefaultTypeConverter.doStart - Type converters loaded (core: 192, classpath: 7)
22-07-2022 14:41:56.425 [main] INFO  o.s.j.e.a.AnnotationMBeanExporter.afterSingletonsInstantiated - Registering beans for JMX exposure on startup
22-07-2022 14:41:56.438 [main] INFO  c.l.route.ItemRestServiceRoute.configure - Starting the Camel Route
22-07-2022 14:41:56.473 [main] INFO  o.a.c.spring.boot.RoutesCollector.loadXmlRoutes - Loading additional Camel XML routes from: classpath:camel/*.xml
22-07-2022 14:41:56.473 [main] INFO  o.a.c.spring.boot.RoutesCollector.loadXmlRests - Loading additional Camel XML rests from: classpath:camel-rest/*.xml
22-07-2022 14:41:56.479 [main] INFO  o.a.camel.spring.SpringCamelContext.start - Apache Camel 2.20.1 (CamelContext: itemapps) is starting
22-07-2022 14:41:56.480 [main] INFO  o.a.c.m.ManagedManagementStrategy.doStart - JMX is enabled
22-07-2022 14:41:56.569 [main] INFO  o.a.camel.spring.SpringCamelContext.doStop - Apache Camel 2.20.1 (CamelContext: itemapps) is shutting down
22-07-2022 14:41:56.587 [main] INFO  o.a.camel.spring.SpringCamelContext.doStop - Apache Camel 2.20.1 (CamelContext: itemapps) uptime 0.108 seconds
22-07-2022 14:41:56.588 [main] INFO  o.a.camel.spring.SpringCamelContext.doStop - Apache Camel 2.20.1 (CamelContext: itemapps) is shutdown in 0.019 seconds
22-07-2022 14:41:56.590 [main] INFO  o.a.catalina.core.StandardService.log - Stopping service [Tomcat]
22-07-2022 14:41:56.598 [main] INFO  o.s.b.a.l.AutoConfigurationReportLoggingInitializer.logAutoConfigurationReport - 

Error starting ApplicationContext. To display the auto-configuration report re-run your application with 'debug' enabled.
22-07-2022 14:41:56.604 [main] ERROR o.s.boot.SpringApplication.reportFailure - Application startup failed
org.apache.camel.RuntimeCamelException: org.apache.camel.FailedToCreateRouteException: Failed to create route itemPostRoute: Route(itemPostRoute)[[From[restlet:http://localhost:8083/ite... because of Failed to resolve endpoint: restlet://http://localhost:8083/item?restletMethods=POST due to: Cannot auto create component: restlet
	at org.apache.camel.util.ObjectHelper.wrapRuntimeCamelException(ObjectHelper.java:1831)
	at org.apache.camel.spring.SpringCamelContext.start(SpringCamelContext.java:136)
	at org.apache.camel.spring.SpringCamelContext.onApplicationEvent(SpringCamelContext.java:174)
	at org.springframework.context.event.SimpleApplicationEventMulticaster.doInvokeListener(SimpleApplicationEventMulticaster.java:172)
	at org.springframework.context.event.SimpleApplicationEventMulticaster.invokeListener(SimpleApplicationEventMulticaster.java:165)
	at org.springframework.context.event.SimpleApplicationEventMulticaster.multicastEvent(SimpleApplicationEventMulticaster.java:139)
	at org.springframework.context.support.AbstractApplicationContext.publishEvent(AbstractApplicationContext.java:393)
	at org.springframework.context.support.AbstractApplicationContext.publishEvent(AbstractApplicationContext.java:347)
	at org.springframework.context.support.AbstractApplicationContext.finishRefresh(AbstractApplicationContext.java:883)
	at org.springframework.boot.context.embedded.EmbeddedWebApplicationContext.finishRefresh(EmbeddedWebApplicationContext.java:144)
	at org.springframework.context.support.AbstractApplicationContext.refresh(AbstractApplicationContext.java:546)
	at org.springframework.boot.context.embedded.EmbeddedWebApplicationContext.refresh(EmbeddedWebApplicationContext.java:122)
	at org.springframework.boot.SpringApplication.refresh(SpringApplication.java:693)
	at org.springframework.boot.SpringApplication.refreshContext(SpringApplication.java:360)
	at org.springframework.boot.SpringApplication.run(SpringApplication.java:303)
	at org.springframework.boot.SpringApplication.run(SpringApplication.java:1118)
	at org.springframework.boot.SpringApplication.run(SpringApplication.java:1107)
	at com.learncamel.LearncamelSpringBootApplication.main(LearncamelSpringBootApplication.java:10)
Caused by: org.apache.camel.FailedToCreateRouteException: Failed to create route itemPostRoute: Route(itemPostRoute)[[From[restlet:http://localhost:8083/ite... because of Failed to resolve endpoint: restlet://http://localhost:8083/item?restletMethods=POST due to: Cannot auto create component: restlet
	at org.apache.camel.model.RouteDefinition.addRoutes(RouteDefinition.java:209)
	at org.apache.camel.impl.DefaultCamelContext.startRoute(DefaultCamelContext.java:1148)
	at org.apache.camel.impl.DefaultCamelContext.startRouteDefinitions(DefaultCamelContext.java:3727)
	at org.apache.camel.impl.DefaultCamelContext.doStartCamel(DefaultCamelContext.java:3441)
	at org.apache.camel.impl.DefaultCamelContext.access$000(DefaultCamelContext.java:208)
	at org.apache.camel.impl.DefaultCamelContext$2.call(DefaultCamelContext.java:3249)
	at org.apache.camel.impl.DefaultCamelContext$2.call(DefaultCamelContext.java:3245)
	at org.apache.camel.impl.DefaultCamelContext.doWithDefinedClassLoader(DefaultCamelContext.java:3268)
	at org.apache.camel.impl.DefaultCamelContext.doStart(DefaultCamelContext.java:3245)
	at org.apache.camel.support.ServiceSupport.start(ServiceSupport.java:61)
	at org.apache.camel.impl.DefaultCamelContext.start(DefaultCamelContext.java:3168)
	at org.apache.camel.spring.SpringCamelContext.start(SpringCamelContext.java:133)
	... 16 common frames omitted
Caused by: org.apache.camel.ResolveEndpointFailedException: Failed to resolve endpoint: restlet://http://localhost:8083/item?restletMethods=POST due to: Cannot auto create component: restlet
	at org.apache.camel.impl.DefaultCamelContext.getEndpoint(DefaultCamelContext.java:763)
	at org.apache.camel.util.CamelContextHelper.getMandatoryEndpoint(CamelContextHelper.java:80)
	at org.apache.camel.model.RouteDefinition.resolveEndpoint(RouteDefinition.java:219)
	at org.apache.camel.impl.DefaultRouteContext.resolveEndpoint(DefaultRouteContext.java:115)
	at org.apache.camel.impl.DefaultRouteContext.resolveEndpoint(DefaultRouteContext.java:121)
	at org.apache.camel.model.FromDefinition.resolveEndpoint(FromDefinition.java:69)
	at org.apache.camel.impl.DefaultRouteContext.getEndpoint(DefaultRouteContext.java:97)
	at org.apache.camel.model.RouteDefinition.addRoutes(RouteDefinition.java:1278)
	at org.apache.camel.model.RouteDefinition.addRoutes(RouteDefinition.java:204)
	... 27 common frames omitted
Caused by: org.apache.camel.RuntimeCamelException: Cannot auto create component: restlet
	at org.apache.camel.impl.DefaultCamelContext.getComponent(DefaultCamelContext.java:494)
	at org.apache.camel.impl.DefaultCamelContext.getComponent(DefaultCamelContext.java:458)
	at org.apache.camel.impl.DefaultCamelContext.getEndpoint(DefaultCamelContext.java:706)
	... 35 common frames omitted
Caused by: org.apache.camel.RuntimeCamelException: Cannot auto create component: restlet
	at org.apache.camel.impl.DefaultCamelContext.initComponent(DefaultCamelContext.java:549)
	at org.apache.camel.impl.DefaultCamelContext.lambda$getComponent$0(DefaultCamelContext.java:479)
	at java.util.concurrent.ConcurrentHashMap.computeIfAbsent(ConcurrentHashMap.java:1660)
	at org.apache.camel.impl.DefaultCamelContext.getComponent(DefaultCamelContext.java:477)
	... 37 common frames omitted
Caused by: org.springframework.beans.factory.BeanCreationException: Error creating bean with name 'org.apache.camel.component.restlet.RestletComponent': Failed to introspect bean class [org.apache.camel.component.restlet.RestletComponent] for lookup method metadata: could not find class that it depends on; nested exception is java.lang.NoClassDefFoundError: org/restlet/Server
	at org.springframework.beans.factory.annotation.AutowiredAnnotationBeanPostProcessor.determineCandidateConstructors(AutowiredAnnotationBeanPostProcessor.java:269)
	at org.springframework.beans.factory.support.AbstractAutowireCapableBeanFactory.determineConstructorsFromBeanPostProcessors(AbstractAutowireCapableBeanFactory.java:1118)
	at org.springframework.beans.factory.support.AbstractAutowireCapableBeanFactory.createBeanInstance(AbstractAutowireCapableBeanFactory.java:1091)
	at org.springframework.beans.factory.support.AbstractAutowireCapableBeanFactory.doCreateBean(AbstractAutowireCapableBeanFactory.java:513)
	at org.springframework.beans.factory.support.AbstractAutowireCapableBeanFactory.createBean(AbstractAutowireCapableBeanFactory.java:483)
	at org.springframework.beans.factory.support.AbstractAutowireCapableBeanFactory.createBean(AbstractAutowireCapableBeanFactory.java:343)
	at org.apache.camel.spring.spi.SpringInjector.newInstance(SpringInjector.java:39)
	at org.apache.camel.impl.DefaultComponentResolver.resolveComponent(DefaultComponentResolver.java:73)
	at org.apache.camel.impl.DefaultCamelContext.initComponent(DefaultCamelContext.java:543)
	... 40 common frames omitted
Caused by: java.lang.NoClassDefFoundError: org/restlet/Server
	at java.lang.Class.getDeclaredMethods0(Native Method)
	at java.lang.Class.privateGetDeclaredMethods(Class.java:2701)
	at java.lang.Class.getDeclaredMethods(Class.java:1975)
	at org.springframework.util.ReflectionUtils.getDeclaredMethods(ReflectionUtils.java:613)
	at org.springframework.util.ReflectionUtils.doWithMethods(ReflectionUtils.java:524)
	at org.springframework.util.ReflectionUtils.doWithMethods(ReflectionUtils.java:510)
	at org.springframework.beans.factory.annotation.AutowiredAnnotationBeanPostProcessor.determineCandidateConstructors(AutowiredAnnotationBeanPostProcessor.java:247)
	... 48 common frames omitted
Caused by: java.lang.ClassNotFoundException: org.restlet.Server
	at java.net.URLClassLoader.findClass(URLClassLoader.java:382)
	at java.lang.ClassLoader.loadClass(ClassLoader.java:424)
	at sun.misc.Launcher$AppClassLoader.loadClass(Launcher.java:349)
	at java.lang.ClassLoader.loadClass(ClassLoader.java:357)
	... 55 common frames omitted
22-07-2022 14:41:56.605 [main] INFO  o.s.b.c.e.AnnotationConfigEmbeddedWebApplicationContext.doClose - Closing org.springframework.boot.context.embedded.AnnotationConfigEmbeddedWebApplicationContext@548e6d58: startup date [Fri Jul 22 14:41:51 IST 2022]; root of context hierarchy
22-07-2022 14:41:56.609 [main] INFO  o.s.c.s.DefaultLifecycleProcessor.stop - Stopping beans in phase 2147483647
22-07-2022 14:41:56.610 [main] INFO  o.s.j.e.a.AnnotationMBeanExporter.destroy - Unregistering JMX-exposed beans on shutdown
22-07-2022 14:41:56.611 [main] INFO  o.s.o.j.LocalContainerEntityManagerFactoryBean.destroy - Closing JPA EntityManagerFactory for persistence unit 'default'
22-07-2022 16:34:09.258 [main] INFO  c.l.LearncamelSpringBootApplication.logStarting - Starting LearncamelSpringBootApplication on ACLBLRFC818 with PID 26568 (D:\camel\springboot-camel-main\learncamel-spring-boot-restlet-lab2\target\classes started by sawan.k in D:\camel\springboot-camel-main\learncamel-spring-boot-restlet-lab2)
22-07-2022 16:34:09.262 [main] INFO  c.l.LearncamelSpringBootApplication.logStartupProfileInfo - The following profiles are active: dev
22-07-2022 16:34:09.326 [main] INFO  o.s.b.c.e.AnnotationConfigEmbeddedWebApplicationContext.prepareRefresh - Refreshing org.springframework.boot.context.embedded.AnnotationConfigEmbeddedWebApplicationContext@4470f8a6: startup date [Fri Jul 22 16:34:09 IST 2022]; root of context hierarchy
22-07-2022 16:34:09.499 [background-preinit] INFO  o.h.validator.internal.util.Version.<clinit> - HV000001: Hibernate Validator 5.3.6.Final
22-07-2022 16:34:10.924 [main] INFO  o.s.c.s.PostProcessorRegistrationDelegate$BeanPostProcessorChecker.postProcessAfterInitialization - Bean 'org.springframework.transaction.annotation.ProxyTransactionManagementConfiguration' of type [org.springframework.transaction.annotation.ProxyTransactionManagementConfiguration$$EnhancerBySpringCGLIB$$e85bc466] is not eligible for getting processed by all BeanPostProcessors (for example: not eligible for auto-proxying)
22-07-2022 16:34:11.063 [main] INFO  o.s.c.s.PostProcessorRegistrationDelegate$BeanPostProcessorChecker.postProcessAfterInitialization - Bean 'org.apache.camel.spring.boot.CamelAutoConfiguration' of type [org.apache.camel.spring.boot.CamelAutoConfiguration$$EnhancerBySpringCGLIB$$a858a85] is not eligible for getting processed by all BeanPostProcessors (for example: not eligible for auto-proxying)
22-07-2022 16:34:11.685 [main] INFO  o.s.b.c.e.t.TomcatEmbeddedServletContainer.initialize - Tomcat initialized with port(s): 8080 (http)
22-07-2022 16:34:11.701 [main] INFO  o.a.catalina.core.StandardService.log - Starting service [Tomcat]
22-07-2022 16:34:11.702 [main] INFO  o.a.catalina.core.StandardEngine.log - Starting Servlet Engine: Apache Tomcat/8.5.23
22-07-2022 16:34:11.830 [localhost-startStop-1] INFO  o.a.c.c.C.[Tomcat].[localhost].[/].log - Initializing Spring embedded WebApplicationContext
22-07-2022 16:34:11.830 [localhost-startStop-1] INFO  o.s.web.context.ContextLoader.prepareEmbeddedWebApplicationContext - Root WebApplicationContext: initialization completed in 2504 ms
22-07-2022 16:34:12.014 [localhost-startStop-1] INFO  o.s.b.w.s.ServletRegistrationBean.onStartup - Mapping servlet: 'dispatcherServlet' to [/]
22-07-2022 16:34:12.015 [localhost-startStop-1] INFO  o.s.b.w.s.ServletRegistrationBean.onStartup - Mapping servlet: 'webServlet' to [/h2-console/*]
22-07-2022 16:34:12.019 [localhost-startStop-1] INFO  o.s.b.w.s.FilterRegistrationBean.configure - Mapping filter: 'characterEncodingFilter' to: [/*]
22-07-2022 16:34:12.019 [localhost-startStop-1] INFO  o.s.b.w.s.FilterRegistrationBean.configure - Mapping filter: 'hiddenHttpMethodFilter' to: [/*]
22-07-2022 16:34:12.019 [localhost-startStop-1] INFO  o.s.b.w.s.FilterRegistrationBean.configure - Mapping filter: 'httpPutFormContentFilter' to: [/*]
22-07-2022 16:34:12.020 [localhost-startStop-1] INFO  o.s.b.w.s.FilterRegistrationBean.configure - Mapping filter: 'requestContextFilter' to: [/*]
22-07-2022 16:34:12.416 [main] INFO  o.s.o.j.LocalContainerEntityManagerFactoryBean.createNativeEntityManagerFactory - Building JPA container EntityManagerFactory for persistence unit 'default'
22-07-2022 16:34:12.430 [main] INFO  o.h.jpa.internal.util.LogHelper.logPersistenceUnitInformation - HHH000204: Processing PersistenceUnitInfo [
	name: default
	...]
22-07-2022 16:34:12.497 [main] INFO  org.hibernate.Version.logVersion - HHH000412: Hibernate Core {5.0.12.Final}
22-07-2022 16:34:12.499 [main] INFO  org.hibernate.cfg.Environment.<clinit> - HHH000206: hibernate.properties not found
22-07-2022 16:34:12.501 [main] INFO  org.hibernate.cfg.Environment.buildBytecodeProvider - HHH000021: Bytecode provider name : javassist
22-07-2022 16:34:12.538 [main] INFO  o.h.annotations.common.Version.<clinit> - HCANN000001: Hibernate Commons Annotations {5.0.1.Final}
22-07-2022 16:34:12.681 [main] INFO  org.hibernate.dialect.Dialect.<init> - HHH000400: Using dialect: org.hibernate.dialect.H2Dialect
22-07-2022 16:34:13.120 [main] INFO  o.h.tool.hbm2ddl.SchemaUpdate.execute - HHH000228: Running hbm2ddl schema update
22-07-2022 16:34:13.132 [main] INFO  o.h.t.s.e.i.InformationExtractorJdbcDatabaseMetaDataImpl.processGetTableResults - HHH000262: Table not found: item
22-07-2022 16:34:13.151 [main] INFO  o.h.h.i.QueryTranslatorFactoryInitiator.initiateService - HHH000397: Using ASTQueryTranslatorFactory
22-07-2022 16:34:13.254 [main] INFO  o.s.o.j.LocalContainerEntityManagerFactoryBean.buildNativeEntityManagerFactory - Initialized JPA EntityManagerFactory for persistence unit 'default'
22-07-2022 16:34:13.595 [main] INFO  o.s.w.s.m.m.a.RequestMappingHandlerAdapter.initControllerAdviceCache - Looking for @ControllerAdvice: org.springframework.boot.context.embedded.AnnotationConfigEmbeddedWebApplicationContext@4470f8a6: startup date [Fri Jul 22 16:34:09 IST 2022]; root of context hierarchy
22-07-2022 16:34:13.633 [main] INFO  o.s.jdbc.datasource.init.ScriptUtils.executeSqlScript - Executing SQL script from URL [file:/D:/camel/springboot-camel-main/learncamel-spring-boot-restlet-lab2/target/classes/data.sql]
22-07-2022 16:34:13.637 [main] INFO  o.s.jdbc.datasource.init.ScriptUtils.executeSqlScript - Executed SQL script from URL [file:/D:/camel/springboot-camel-main/learncamel-spring-boot-restlet-lab2/target/classes/data.sql] in 3 ms.
22-07-2022 16:34:13.658 [main] INFO  o.s.w.s.m.m.a.RequestMappingHandlerMapping.register - Mapped "{[/swagger-ui]}" onto public java.lang.String com.learncamel.config.SwaggerConfig$SwaggerWelcome.redirectToUi()
22-07-2022 16:34:13.664 [main] INFO  o.s.w.s.m.m.a.RequestMappingHandlerMapping.register - Mapped "{[/error]}" onto public org.springframework.http.ResponseEntity<java.util.Map<java.lang.String, java.lang.Object>> org.springframework.boot.autoconfigure.web.BasicErrorController.error(javax.servlet.http.HttpServletRequest)
22-07-2022 16:34:13.664 [main] INFO  o.s.w.s.m.m.a.RequestMappingHandlerMapping.register - Mapped "{[/error],produces=[text/html]}" onto public org.springframework.web.servlet.ModelAndView org.springframework.boot.autoconfigure.web.BasicErrorController.errorHtml(javax.servlet.http.HttpServletRequest,javax.servlet.http.HttpServletResponse)
22-07-2022 16:34:13.698 [main] INFO  o.s.w.s.h.SimpleUrlHandlerMapping.registerHandler - Mapped URL path [/webjars/**] onto handler of type [class org.springframework.web.servlet.resource.ResourceHttpRequestHandler]
22-07-2022 16:34:13.699 [main] INFO  o.s.w.s.h.SimpleUrlHandlerMapping.registerHandler - Mapped URL path [/**] onto handler of type [class org.springframework.web.servlet.resource.ResourceHttpRequestHandler]
22-07-2022 16:34:13.760 [main] INFO  o.s.w.s.h.SimpleUrlHandlerMapping.registerHandler - Mapped URL path [/**/favicon.ico] onto handler of type [class org.springframework.web.servlet.resource.ResourceHttpRequestHandler]
22-07-2022 16:34:14.019 [main] WARN  o.a.c.i.DefaultCamelBeanPostProcessor.postProcessBeforeInitialization - No CamelContext defined yet so cannot inject into bean: routesHealthCheckRepository
22-07-2022 16:34:14.117 [main] WARN  o.a.c.i.c.AnnotationTypeConverterLoader.loadConverterMethods - Ignoring converter type: org.apache.camel.component.restlet.converter.RestletConverter as a dependent class could not be found: java.lang.NoClassDefFoundError: org/restlet/data/MediaType
java.lang.NoClassDefFoundError: org/restlet/data/MediaType
	at java.lang.Class.getDeclaredMethods0(Native Method)
	at java.lang.Class.privateGetDeclaredMethods(Class.java:2701)
	at java.lang.Class.getDeclaredMethods(Class.java:1975)
	at org.apache.camel.impl.converter.AnnotationTypeConverterLoader.loadConverterMethods(AnnotationTypeConverterLoader.java:262)
	at org.apache.camel.impl.converter.AnnotationTypeConverterLoader.load(AnnotationTypeConverterLoader.java:130)
	at org.apache.camel.impl.converter.BaseTypeConverterRegistry.loadTypeConverters(BaseTypeConverterRegistry.java:640)
	at org.apache.camel.impl.converter.DefaultTypeConverter.doStart(DefaultTypeConverter.java:62)
	at org.apache.camel.support.ServiceSupport.start(ServiceSupport.java:61)
	at org.apache.camel.util.ServiceHelper.startService(ServiceHelper.java:75)
	at org.apache.camel.impl.DefaultCamelContext.doAddService(DefaultCamelContext.java:1495)
	at org.apache.camel.impl.DefaultCamelContext.addService(DefaultCamelContext.java:1455)
	at org.apache.camel.impl.DefaultCamelContext.getTypeConverter(DefaultCamelContext.java:2576)
	at org.apache.camel.spring.boot.TypeConversionConfiguration.typeConverter(TypeConversionConfiguration.java:44)
	at org.apache.camel.spring.boot.TypeConversionConfiguration$$EnhancerBySpringCGLIB$$3c6042e8.CGLIB$typeConverter$0(<generated>)
	at org.apache.camel.spring.boot.TypeConversionConfiguration$$EnhancerBySpringCGLIB$$3c6042e8$$FastClassBySpringCGLIB$$41e5eb17.invoke(<generated>)
	at org.springframework.cglib.proxy.MethodProxy.invokeSuper(MethodProxy.java:228)
	at org.springframework.context.annotation.ConfigurationClassEnhancer$BeanMethodInterceptor.intercept(ConfigurationClassEnhancer.java:358)
	at org.apache.camel.spring.boot.TypeConversionConfiguration$$EnhancerBySpringCGLIB$$3c6042e8.typeConverter(<generated>)
	at sun.reflect.NativeMethodAccessorImpl.invoke0(Native Method)
	at sun.reflect.NativeMethodAccessorImpl.invoke(NativeMethodAccessorImpl.java:62)
	at sun.reflect.DelegatingMethodAccessorImpl.invoke(DelegatingMethodAccessorImpl.java:43)
	at java.lang.reflect.Method.invoke(Method.java:498)
	at org.springframework.beans.factory.support.SimpleInstantiationStrategy.instantiate(SimpleInstantiationStrategy.java:162)
	at org.springframework.beans.factory.support.ConstructorResolver.instantiateUsingFactoryMethod(ConstructorResolver.java:588)
	at org.springframework.beans.factory.support.AbstractAutowireCapableBeanFactory.instantiateUsingFactoryMethod(AbstractAutowireCapableBeanFactory.java:1173)
	at org.springframework.beans.factory.support.AbstractAutowireCapableBeanFactory.createBeanInstance(AbstractAutowireCapableBeanFactory.java:1067)
	at org.springframework.beans.factory.support.AbstractAutowireCapableBeanFactory.doCreateBean(AbstractAutowireCapableBeanFactory.java:513)
	at org.springframework.beans.factory.support.AbstractAutowireCapableBeanFactory.createBean(AbstractAutowireCapableBeanFactory.java:483)
	at org.springframework.beans.factory.support.AbstractBeanFactory$1.getObject(AbstractBeanFactory.java:306)
	at org.springframework.beans.factory.support.DefaultSingletonBeanRegistry.getSingleton(DefaultSingletonBeanRegistry.java:230)
	at org.springframework.beans.factory.support.AbstractBeanFactory.doGetBean(AbstractBeanFactory.java:302)
	at org.springframework.beans.factory.support.AbstractBeanFactory.getBean(AbstractBeanFactory.java:197)
	at org.springframework.beans.factory.support.DefaultListableBeanFactory.preInstantiateSingletons(DefaultListableBeanFactory.java:761)
	at org.springframework.context.support.AbstractApplicationContext.finishBeanFactoryInitialization(AbstractApplicationContext.java:867)
	at org.springframework.context.support.AbstractApplicationContext.refresh(AbstractApplicationContext.java:543)
	at org.springframework.boot.context.embedded.EmbeddedWebApplicationContext.refresh(EmbeddedWebApplicationContext.java:122)
	at org.springframework.boot.SpringApplication.refresh(SpringApplication.java:693)
	at org.springframework.boot.SpringApplication.refreshContext(SpringApplication.java:360)
	at org.springframework.boot.SpringApplication.run(SpringApplication.java:303)
	at org.springframework.boot.SpringApplication.run(SpringApplication.java:1118)
	at org.springframework.boot.SpringApplication.run(SpringApplication.java:1107)
	at com.learncamel.LearncamelSpringBootApplication.main(LearncamelSpringBootApplication.java:10)
Caused by: java.lang.ClassNotFoundException: org.restlet.data.MediaType
	at java.net.URLClassLoader.findClass(URLClassLoader.java:382)
	at java.lang.ClassLoader.loadClass(ClassLoader.java:424)
	at sun.misc.Launcher$AppClassLoader.loadClass(Launcher.java:349)
	at java.lang.ClassLoader.loadClass(ClassLoader.java:357)
	... 42 common frames omitted
22-07-2022 16:34:14.123 [main] INFO  o.a.c.i.c.DefaultTypeConverter.doStart - Type converters loaded (core: 192, classpath: 7)
22-07-2022 16:34:14.925 [main] INFO  o.s.j.e.a.AnnotationMBeanExporter.afterSingletonsInstantiated - Registering beans for JMX exposure on startup
22-07-2022 16:34:14.935 [main] INFO  c.l.route.ItemRestServiceRoute.configure - Starting the Camel Route
22-07-2022 16:34:14.969 [main] INFO  o.a.c.spring.boot.RoutesCollector.loadXmlRoutes - Loading additional Camel XML routes from: classpath:camel/*.xml
22-07-2022 16:34:14.969 [main] INFO  o.a.c.spring.boot.RoutesCollector.loadXmlRests - Loading additional Camel XML rests from: classpath:camel-rest/*.xml
22-07-2022 16:34:14.977 [main] INFO  o.a.camel.spring.SpringCamelContext.start - Apache Camel 2.20.1 (CamelContext: itemapps) is starting
22-07-2022 16:34:14.978 [main] INFO  o.a.c.m.ManagedManagementStrategy.doStart - JMX is enabled
22-07-2022 16:34:15.064 [main] INFO  o.a.camel.spring.SpringCamelContext.doStop - Apache Camel 2.20.1 (CamelContext: itemapps) is shutting down
22-07-2022 16:34:15.087 [main] INFO  o.a.camel.spring.SpringCamelContext.doStop - Apache Camel 2.20.1 (CamelContext: itemapps) uptime 0.109 seconds
22-07-2022 16:34:15.088 [main] INFO  o.a.camel.spring.SpringCamelContext.doStop - Apache Camel 2.20.1 (CamelContext: itemapps) is shutdown in 0.023 seconds
22-07-2022 16:34:15.091 [main] INFO  o.a.catalina.core.StandardService.log - Stopping service [Tomcat]
22-07-2022 16:34:15.101 [main] INFO  o.s.b.a.l.AutoConfigurationReportLoggingInitializer.logAutoConfigurationReport - 

Error starting ApplicationContext. To display the auto-configuration report re-run your application with 'debug' enabled.
22-07-2022 16:34:15.110 [main] ERROR o.s.boot.SpringApplication.reportFailure - Application startup failed
org.apache.camel.RuntimeCamelException: org.apache.camel.FailedToCreateRouteException: Failed to create route itemPostRoute: Route(itemPostRoute)[[From[restlet:http://localhost:8083/ite... because of Failed to resolve endpoint: restlet://http://localhost:8083/item?restletMethods=POST due to: Cannot auto create component: restlet
	at org.apache.camel.util.ObjectHelper.wrapRuntimeCamelException(ObjectHelper.java:1831)
	at org.apache.camel.spring.SpringCamelContext.start(SpringCamelContext.java:136)
	at org.apache.camel.spring.SpringCamelContext.onApplicationEvent(SpringCamelContext.java:174)
	at org.springframework.context.event.SimpleApplicationEventMulticaster.doInvokeListener(SimpleApplicationEventMulticaster.java:172)
	at org.springframework.context.event.SimpleApplicationEventMulticaster.invokeListener(SimpleApplicationEventMulticaster.java:165)
	at org.springframework.context.event.SimpleApplicationEventMulticaster.multicastEvent(SimpleApplicationEventMulticaster.java:139)
	at org.springframework.context.support.AbstractApplicationContext.publishEvent(AbstractApplicationContext.java:393)
	at org.springframework.context.support.AbstractApplicationContext.publishEvent(AbstractApplicationContext.java:347)
	at org.springframework.context.support.AbstractApplicationContext.finishRefresh(AbstractApplicationContext.java:883)
	at org.springframework.boot.context.embedded.EmbeddedWebApplicationContext.finishRefresh(EmbeddedWebApplicationContext.java:144)
	at org.springframework.context.support.AbstractApplicationContext.refresh(AbstractApplicationContext.java:546)
	at org.springframework.boot.context.embedded.EmbeddedWebApplicationContext.refresh(EmbeddedWebApplicationContext.java:122)
	at org.springframework.boot.SpringApplication.refresh(SpringApplication.java:693)
	at org.springframework.boot.SpringApplication.refreshContext(SpringApplication.java:360)
	at org.springframework.boot.SpringApplication.run(SpringApplication.java:303)
	at org.springframework.boot.SpringApplication.run(SpringApplication.java:1118)
	at org.springframework.boot.SpringApplication.run(SpringApplication.java:1107)
	at com.learncamel.LearncamelSpringBootApplication.main(LearncamelSpringBootApplication.java:10)
Caused by: org.apache.camel.FailedToCreateRouteException: Failed to create route itemPostRoute: Route(itemPostRoute)[[From[restlet:http://localhost:8083/ite... because of Failed to resolve endpoint: restlet://http://localhost:8083/item?restletMethods=POST due to: Cannot auto create component: restlet
	at org.apache.camel.model.RouteDefinition.addRoutes(RouteDefinition.java:209)
	at org.apache.camel.impl.DefaultCamelContext.startRoute(DefaultCamelContext.java:1148)
	at org.apache.camel.impl.DefaultCamelContext.startRouteDefinitions(DefaultCamelContext.java:3727)
	at org.apache.camel.impl.DefaultCamelContext.doStartCamel(DefaultCamelContext.java:3441)
	at org.apache.camel.impl.DefaultCamelContext.access$000(DefaultCamelContext.java:208)
	at org.apache.camel.impl.DefaultCamelContext$2.call(DefaultCamelContext.java:3249)
	at org.apache.camel.impl.DefaultCamelContext$2.call(DefaultCamelContext.java:3245)
	at org.apache.camel.impl.DefaultCamelContext.doWithDefinedClassLoader(DefaultCamelContext.java:3268)
	at org.apache.camel.impl.DefaultCamelContext.doStart(DefaultCamelContext.java:3245)
	at org.apache.camel.support.ServiceSupport.start(ServiceSupport.java:61)
	at org.apache.camel.impl.DefaultCamelContext.start(DefaultCamelContext.java:3168)
	at org.apache.camel.spring.SpringCamelContext.start(SpringCamelContext.java:133)
	... 16 common frames omitted
Caused by: org.apache.camel.ResolveEndpointFailedException: Failed to resolve endpoint: restlet://http://localhost:8083/item?restletMethods=POST due to: Cannot auto create component: restlet
	at org.apache.camel.impl.DefaultCamelContext.getEndpoint(DefaultCamelContext.java:763)
	at org.apache.camel.util.CamelContextHelper.getMandatoryEndpoint(CamelContextHelper.java:80)
	at org.apache.camel.model.RouteDefinition.resolveEndpoint(RouteDefinition.java:219)
	at org.apache.camel.impl.DefaultRouteContext.resolveEndpoint(DefaultRouteContext.java:115)
	at org.apache.camel.impl.DefaultRouteContext.resolveEndpoint(DefaultRouteContext.java:121)
	at org.apache.camel.model.FromDefinition.resolveEndpoint(FromDefinition.java:69)
	at org.apache.camel.impl.DefaultRouteContext.getEndpoint(DefaultRouteContext.java:97)
	at org.apache.camel.model.RouteDefinition.addRoutes(RouteDefinition.java:1278)
	at org.apache.camel.model.RouteDefinition.addRoutes(RouteDefinition.java:204)
	... 27 common frames omitted
Caused by: org.apache.camel.RuntimeCamelException: Cannot auto create component: restlet
	at org.apache.camel.impl.DefaultCamelContext.getComponent(DefaultCamelContext.java:494)
	at org.apache.camel.impl.DefaultCamelContext.getComponent(DefaultCamelContext.java:458)
	at org.apache.camel.impl.DefaultCamelContext.getEndpoint(DefaultCamelContext.java:706)
	... 35 common frames omitted
Caused by: org.apache.camel.RuntimeCamelException: Cannot auto create component: restlet
	at org.apache.camel.impl.DefaultCamelContext.initComponent(DefaultCamelContext.java:549)
	at org.apache.camel.impl.DefaultCamelContext.lambda$getComponent$0(DefaultCamelContext.java:479)
	at java.util.concurrent.ConcurrentHashMap.computeIfAbsent(ConcurrentHashMap.java:1660)
	at org.apache.camel.impl.DefaultCamelContext.getComponent(DefaultCamelContext.java:477)
	... 37 common frames omitted
Caused by: org.springframework.beans.factory.BeanCreationException: Error creating bean with name 'org.apache.camel.component.restlet.RestletComponent': Failed to introspect bean class [org.apache.camel.component.restlet.RestletComponent] for lookup method metadata: could not find class that it depends on; nested exception is java.lang.NoClassDefFoundError: org/restlet/Server
	at org.springframework.beans.factory.annotation.AutowiredAnnotationBeanPostProcessor.determineCandidateConstructors(AutowiredAnnotationBeanPostProcessor.java:269)
	at org.springframework.beans.factory.support.AbstractAutowireCapableBeanFactory.determineConstructorsFromBeanPostProcessors(AbstractAutowireCapableBeanFactory.java:1118)
	at org.springframework.beans.factory.support.AbstractAutowireCapableBeanFactory.createBeanInstance(AbstractAutowireCapableBeanFactory.java:1091)
	at org.springframework.beans.factory.support.AbstractAutowireCapableBeanFactory.doCreateBean(AbstractAutowireCapableBeanFactory.java:513)
	at org.springframework.beans.factory.support.AbstractAutowireCapableBeanFactory.createBean(AbstractAutowireCapableBeanFactory.java:483)
	at org.springframework.beans.factory.support.AbstractAutowireCapableBeanFactory.createBean(AbstractAutowireCapableBeanFactory.java:343)
	at org.apache.camel.spring.spi.SpringInjector.newInstance(SpringInjector.java:39)
	at org.apache.camel.impl.DefaultComponentResolver.resolveComponent(DefaultComponentResolver.java:73)
	at org.apache.camel.impl.DefaultCamelContext.initComponent(DefaultCamelContext.java:543)
	... 40 common frames omitted
Caused by: java.lang.NoClassDefFoundError: org/restlet/Server
	at java.lang.Class.getDeclaredMethods0(Native Method)
	at java.lang.Class.privateGetDeclaredMethods(Class.java:2701)
	at java.lang.Class.getDeclaredMethods(Class.java:1975)
	at org.springframework.util.ReflectionUtils.getDeclaredMethods(ReflectionUtils.java:613)
	at org.springframework.util.ReflectionUtils.doWithMethods(ReflectionUtils.java:524)
	at org.springframework.util.ReflectionUtils.doWithMethods(ReflectionUtils.java:510)
	at org.springframework.beans.factory.annotation.AutowiredAnnotationBeanPostProcessor.determineCandidateConstructors(AutowiredAnnotationBeanPostProcessor.java:247)
	... 48 common frames omitted
Caused by: java.lang.ClassNotFoundException: org.restlet.Server
	at java.net.URLClassLoader.findClass(URLClassLoader.java:382)
	at java.lang.ClassLoader.loadClass(ClassLoader.java:424)
	at sun.misc.Launcher$AppClassLoader.loadClass(Launcher.java:349)
	at java.lang.ClassLoader.loadClass(ClassLoader.java:357)
	... 55 common frames omitted
22-07-2022 16:34:15.112 [main] INFO  o.s.b.c.e.AnnotationConfigEmbeddedWebApplicationContext.doClose - Closing org.springframework.boot.context.embedded.AnnotationConfigEmbeddedWebApplicationContext@4470f8a6: startup date [Fri Jul 22 16:34:09 IST 2022]; root of context hierarchy
22-07-2022 16:34:15.115 [main] INFO  o.s.c.s.DefaultLifecycleProcessor.stop - Stopping beans in phase 2147483647
22-07-2022 16:34:15.116 [main] INFO  o.s.j.e.a.AnnotationMBeanExporter.destroy - Unregistering JMX-exposed beans on shutdown
22-07-2022 16:34:15.118 [main] INFO  o.s.o.j.LocalContainerEntityManagerFactoryBean.destroy - Closing JPA EntityManagerFactory for persistence unit 'default'
